delete from zdnbaa where tdwbaa = 'tdnaaa';
delete from zdnbaa where tdwbaa = 'evzaaa';
delete from zdnbaa where tdwbaa = 'ibcbaa';
delete from zdnbaa where tdwbaa = 'jnsaaa';
delete from zdnbaa where tdwbaa = 'wfobaa';
delete from zdnbaa where tdwbaa = 'vfubaa';
delete from zdnbaa where tdwbaa = 'izvaaa';
delete from zdnbaa where tdwbaa = 'dhmbaa';
delete from zdnbaa where tdwbaa = 'qmobaa';
delete from zdnbaa where tdwbaa = 'fmubaa';
delete from zdnbaa where tdwbaa = 'vbebaa';
delete from zdnbaa where tdwbaa = 'atwaaa';
delete from zdnbaa where tdwbaa = 'rqdbaa';
delete from zdnbaa where tdwbaa = 'hdjbaa';
delete from zdnbaa where tdwbaa = 'qkpbaa';
delete from zdnbaa where tdwbaa = 'yneaaa';
delete from zdnbaa where tdwbaa = 'utpaaa';
delete from zdnbaa where tdwbaa = 'cfnaaa';
delete from zdnbaa where tdwbaa = 'adcbaa';
delete from zdnbaa where tdwbaa = 'jrabaa';
delete from zdnbaa where tdwbaa = 'gjrbaa';
delete from zdnbaa where tdwbaa = 'disbaa';
delete from zdnbaa where tdwbaa = 'smubaa';
delete from zdnbaa where tdwbaa = 'cqnbaa';
delete from zdnbaa where tdwbaa = 'vikaaa';
delete from zdnbaa where tdwbaa = 'afwbaa';
delete from zdnbaa where tdwbaa = 'blzaaa';
delete from zdnbaa where tdwbaa = 'oabbaa';
delete from zdnbaa where tdwbaa = 'ttnaaa';
delete from zdnbaa where tdwbaa = 'tssaaa';
delete from zdnbaa where tdwbaa = 'mdkaaa';
delete from zdnbaa where tdwbaa = 'augaaa';
delete from zdnbaa where tdwbaa = 'izqaaa';
delete from zdnbaa where tdwbaa = 'ezibaa';
delete from zdnbaa where tdwbaa = 'ygfaaa';
delete from zdnbaa where tdwbaa = 'pfpaaa';
delete from zdnbaa where tdwbaa = 'zlebaa';
delete from zdnbaa where tdwbaa = 'sknbaa';
delete from zdnbaa where tdwbaa = 'gcobaa';
delete from zdnbaa where tdwbaa = 'ohmaaa';
delete from zdnbaa where tdwbaa = 'yejbaa';
delete from zdnbaa where tdwbaa = 'uzlaaa';
delete from zdnbaa where tdwbaa = 'pakbaa';
delete from zdnbaa where tdwbaa = 'tajaaa';
delete from zdnbaa where tdwbaa = 'rrqaaa';
delete from zdnbaa where tdwbaa = 'gndbaa';
delete from zdnbaa where tdwbaa = 'shcaaa';
delete from zdnbaa where tdwbaa = 'mbqaaa';
delete from zdnbaa where tdwbaa = 'jiraaa';
delete from zdnbaa where tdwbaa = 'izoaaa';
delete from zdnbaa where tdwbaa = 'warbaa';
delete from zdnbaa where tdwbaa = 'koraaa';
delete from zdnbaa where tdwbaa = 'owpbaa';
delete from zdnbaa where tdwbaa = 'xqxaaa';
delete from zdnbaa where tdwbaa = 'cxwaaa';
delete from zdnbaa where tdwbaa = 'mnfaaa';
delete from zdnbaa where tdwbaa = 'enoaaa';
delete from zdnbaa where tdwbaa = 'sjubaa';
delete from zdnbaa where tdwbaa = 'htwaaa';
delete from zdnbaa where tdwbaa = 'fmkbaa';
delete from zdnbaa where tdwbaa = 'yfkaaa';
delete from zdnbaa where tdwbaa = 'vlfbaa';
delete from zdnbaa where tdwbaa = 'msabaa';
delete from zdnbaa where tdwbaa = 'edgaaa';
delete from zdnbaa where tdwbaa = 'axlbaa';
delete from zdnbaa where tdwbaa = 'ftabaa';
delete from zdnbaa where tdwbaa = 'eouaaa';
delete from zdnbaa where tdwbaa = 'mdzaaa';
delete from zdnbaa where tdwbaa = 'zxhbaa';
delete from zdnbaa where tdwbaa = 'rgcbaa';
delete from zdnbaa where tdwbaa = 'lbjaaa';
delete from zdnbaa where tdwbaa = 'xbzaaa';
delete from zdnbaa where tdwbaa = 'gvwaaa';
delete from zdnbaa where tdwbaa = 'lssaaa';
delete from zdnbaa where tdwbaa = 'ntraaa';
delete from zdnbaa where tdwbaa = 'oxkaaa';
delete from zdnbaa where tdwbaa = 'wtkbaa';
delete from zdnbaa where tdwbaa = 'jpyaaa';
delete from zdnbaa where tdwbaa = 'npwaaa';
delete from zdnbaa where tdwbaa = 'fkzaaa';
delete from zdnbaa where tdwbaa = 'nnpbaa';
delete from zdnbaa where tdwbaa = 'dbtbaa';
delete from zdnbaa where tdwbaa = 'umsaaa';
delete from zdnbaa where tdwbaa = 'bxdbaa';
delete from zdnbaa where tdwbaa = 'mpqbaa';
delete from zdnbaa where tdwbaa = 'mouaaa';
delete from zdnbaa where tdwbaa = 'xyyaaa';
delete from zdnbaa where tdwbaa = 'rfbbaa';
delete from zdnbaa where tdwbaa = 'xalbaa';
delete from zdnbaa where tdwbaa = 'pxhbaa';
delete from zdnbaa where tdwbaa = 'httbaa';
delete from zdnbaa where tdwbaa = 'yzaaaa';
delete from zdnbaa where tdwbaa = 'bmhbaa';
delete from zdnbaa where tdwbaa = 'azmbaa';
delete from zdnbaa where tdwbaa = 'zexaaa';
delete from zdnbaa where tdwbaa = 'gntbaa';
delete from zdnbaa where tdwbaa = 'ozvbaa';
delete from zdnbaa where tdwbaa = 'avkbaa';
delete from zdnbaa where tdwbaa = 'bmubaa';
delete from zdnbaa where tdwbaa = 'ydsaaa';
delete from zdnbaa where tdwbaa = 'sthaaa';
delete from zdnbaa where tdwbaa = 'nirbaa';
delete from zdnbaa where tdwbaa = 'skebaa';
delete from zdnbaa where tdwbaa = 'cpjaaa';
delete from zdnbaa where tdwbaa = 'cddaaa';
delete from zdnbaa where tdwbaa = 'woobaa';
delete from zdnbaa where tdwbaa = 'detbaa';
delete from zdnbaa where tdwbaa = 'koqbaa';
delete from zdnbaa where tdwbaa = 'eksbaa';
delete from zdnbaa where tdwbaa = 'dqfbaa';
delete from zdnbaa where tdwbaa = 'ymcbaa';
delete from zdnbaa where tdwbaa = 'otdaaa';
delete from zdnbaa where tdwbaa = 'vrgaaa';
delete from zdnbaa where tdwbaa = 'hndaaa';
delete from zdnbaa where tdwbaa = 'brmaaa';
delete from zdnbaa where tdwbaa = 'pcnaaa';
delete from zdnbaa where tdwbaa = 'ethbaa';
delete from zdnbaa where tdwbaa = 'fwoaaa';
delete from zdnbaa where tdwbaa = 'tuhbaa';
delete from zdnbaa where tdwbaa = 'vcfaaa';
delete from zdnbaa where tdwbaa = 'odwbaa';
delete from zdnbaa where tdwbaa = 'pvsaaa';
delete from zdnbaa where tdwbaa = 'oufbaa';
delete from zdnbaa where tdwbaa = 'snjbaa';
delete from zdnbaa where tdwbaa = 'iusbaa';
delete from zdnbaa where tdwbaa = 'qzzaaa';
delete from zdnbaa where tdwbaa = 'emxaaa';
delete from zdnbaa where tdwbaa = 'sinbaa';
delete from zdnbaa where tdwbaa = 'ztiaaa';
delete from zdnbaa where tdwbaa = 'qpxaaa';
delete from zdnbaa where tdwbaa = 'ywgbaa';
delete from zdnbaa where tdwbaa = 'cfuaaa';
delete from zdnbaa where tdwbaa = 'dstaaa';
delete from zdnbaa where tdwbaa = 'fsnaaa';
delete from zdnbaa where tdwbaa = 'uhnaaa';
delete from zdnbaa where tdwbaa = 'tnbbaa';
delete from zdnbaa where tdwbaa = 'qsnaaa';
delete from zdnbaa where tdwbaa = 'ptwaaa';
delete from zdnbaa where tdwbaa = 'gauaaa';
delete from zdnbaa where tdwbaa = 'nucbaa';
delete from zdnbaa where tdwbaa = 'ashaaa';
delete from zdnbaa where tdwbaa = 'uviaaa';
delete from zdnbaa where tdwbaa = 'yqsbaa';
delete from zdnbaa where tdwbaa = 'hqcaaa';
delete from zdnbaa where tdwbaa = 'lloaaa';
delete from zdnbaa where tdwbaa = 'vbeaaa';
delete from zdnbaa where tdwbaa = 'xmmaaa';
delete from zdnbaa where tdwbaa = 'udvaaa';
delete from zdnbaa where tdwbaa = 'kdraaa';
delete from zdnbaa where tdwbaa = 'qhebaa';
delete from zdnbaa where tdwbaa = 'pagbaa';
delete from zdnbaa where tdwbaa = 'evqaaa';
delete from zdnbaa where tdwbaa = 'zkhaaa';
delete from zdnbaa where tdwbaa = 'rwcbaa';
delete from zdnbaa where tdwbaa = 'oyobaa';
delete from zdnbaa where tdwbaa = 'weuaaa';
delete from zdnbaa where tdwbaa = 'idtaaa';
delete from zdnbaa where tdwbaa = 'hfvaaa';
delete from zdnbaa where tdwbaa = 'kmeaaa';
delete from zdnbaa where tdwbaa = 'stebaa';
delete from zdnbaa where tdwbaa = 'roqaaa';
delete from zdnbaa where tdwbaa = 'lsnaaa';
delete from zdnbaa where tdwbaa = 'ywdaaa';
delete from zdnbaa where tdwbaa = 'uhqaaa';
delete from zdnbaa where tdwbaa = 'qrfaaa';
delete from zdnbaa where tdwbaa = 'nijaaa';
delete from zdnbaa where tdwbaa = 'yunaaa';
delete from zdnbaa where tdwbaa = 'qabbaa';
delete from zdnbaa where tdwbaa = 'aehbaa';
delete from zdnbaa where tdwbaa = 'rbbbaa';
delete from zdnbaa where tdwbaa = 'egpaaa';
delete from zdnbaa where tdwbaa = 'zkvbaa';
delete from zdnbaa where tdwbaa = 'ujfaaa';
delete from zdnbaa where tdwbaa = 'xwgaaa';
delete from zdnbaa where tdwbaa = 'ehaaaa';
delete from zdnbaa where tdwbaa = 'qjiaaa';
delete from zdnbaa where tdwbaa = 'wjkaaa';
delete from zdnbaa where tdwbaa = 'tribaa';
delete from zdnbaa where tdwbaa = 'etebaa';
delete from zdnbaa where tdwbaa = 'rpsaaa';
delete from zdnbaa where tdwbaa = 'hgiaaa';
delete from zdnbaa where tdwbaa = 'vplbaa';
delete from zdnbaa where tdwbaa = 'wtdaaa';
delete from zdnbaa where tdwbaa = 'yiabaa';
delete from zdnbaa where tdwbaa = 'gijaaa';
delete from zdnbaa where tdwbaa = 'cnoaaa';
delete from zdnbaa where tdwbaa = 'lpnaaa';
delete from zdnbaa where tdwbaa = 'zokbaa';
delete from zdnbaa where tdwbaa = 'taqbaa';
delete from zdnbaa where tdwbaa = 'ahaaaa';
delete from zdnbaa where tdwbaa = 'zppbaa';
delete from zdnbaa where tdwbaa = 'ehubaa';
delete from zdnbaa where tdwbaa = 'hrlaaa';
delete from zdnbaa where tdwbaa = 'nyeaaa';
delete from zdnbaa where tdwbaa = 'uhjaaa';
delete from zdnbaa where tdwbaa = 'ynvbaa';
delete from zdnbaa where tdwbaa = 'ufmaaa';
delete from zdnbaa where tdwbaa = 'udvbaa';
delete from zdnbaa where tdwbaa = 'ibpbaa';
delete from zdnbaa where tdwbaa = 'wlkbaa';
delete from zdnbaa where tdwbaa = 'sjdbaa';
delete from zdnbaa where tdwbaa = 'pbmbaa';
delete from zdnbaa where tdwbaa = 'fpgbaa';
delete from zdnbaa where tdwbaa = 'vkmbaa';
delete from zdnbaa where tdwbaa = 'vvgbaa';
delete from zdnbaa where tdwbaa = 'qjxaaa';
delete from zdnbaa where tdwbaa = 'zztaaa';
delete from zdnbaa where tdwbaa = 'wdnbaa';
delete from zdnbaa where tdwbaa = 'qlabaa';
delete from zdnbaa where tdwbaa = 'qbgaaa';
delete from zdnbaa where tdwbaa = 'mxiaaa';
delete from zdnbaa where tdwbaa = 'qcabaa';
delete from zdnbaa where tdwbaa = 'lekbaa';
delete from zdnbaa where tdwbaa = 'tzcaaa';
delete from zdnbaa where tdwbaa = 'xpfbaa';
delete from zdnbaa where tdwbaa = 'pndbaa';
delete from zdnbaa where tdwbaa = 'esobaa';
delete from zdnbaa where tdwbaa = 'uvqbaa';
delete from zdnbaa where tdwbaa = 'ovmaaa';
delete from zdnbaa where tdwbaa = 'plcbaa';
delete from zdnbaa where tdwbaa = 'mtsaaa';
delete from zdnbaa where tdwbaa = 'kgfbaa';
delete from zdnbaa where tdwbaa = 'ixraaa';
delete from zdnbaa where tdwbaa = 'lgvbaa';
delete from zdnbaa where tdwbaa = 'lsuaaa';
delete from zdnbaa where tdwbaa = 'zuoaaa';
delete from zdnbaa where tdwbaa = 'cubbaa';
delete from zdnbaa where tdwbaa = 'pdraaa';
delete from zdnbaa where tdwbaa = 'aocaaa';
delete from zdnbaa where tdwbaa = 'npqbaa';
delete from zdnbaa where tdwbaa = 'ysiaaa';
delete from zdnbaa where tdwbaa = 'cctaaa';
delete from zdnbaa where tdwbaa = 'ueiaaa';
delete from zdnbaa where tdwbaa = 'mnlaaa';
delete from zdnbaa where tdwbaa = 'kpcaaa';
delete from zdnbaa where tdwbaa = 'tgubaa';
delete from zdnbaa where tdwbaa = 'iecaaa';
delete from zdnbaa where tdwbaa = 'sxcaaa';
delete from zdnbaa where tdwbaa = 'ubkbaa';
delete from zdnbaa where tdwbaa = 'vzvbaa';
delete from zdnbaa where tdwbaa = 'enjbaa';
delete from zdnbaa where tdwbaa = 'bnqbaa';
delete from zdnbaa where tdwbaa = 'jzdaaa';
delete from zdnbaa where tdwbaa = 'vklaaa';
delete from zdnbaa where tdwbaa = 'fmjaaa';
delete from zdnbaa where tdwbaa = 'skcaaa';
delete from zdnbaa where tdwbaa = 'qimbaa';
delete from zdnbaa where tdwbaa = 'iktaaa';
delete from zdnbaa where tdwbaa = 'gfzaaa';
delete from zdnbaa where tdwbaa = 'tewaaa';
delete from zdnbaa where tdwbaa = 'areaaa';
delete from zdnbaa where tdwbaa = 'omaaaa';
delete from zdnbaa where tdwbaa = 'gioaaa';
delete from zdnbaa where tdwbaa = 'zehbaa';
delete from zdnbaa where tdwbaa = 'zkeaaa';
delete from zdnbaa where tdwbaa = 'tfaaaa';
delete from zdnbaa where tdwbaa = 'osrbaa';
delete from zdnbaa where tdwbaa = 'mzebaa';
delete from zdnbaa where tdwbaa = 'jqlaaa';
delete from zdnbaa where tdwbaa = 'zscbaa';
delete from zdnbaa where tdwbaa = 'pufbaa';
delete from zdnbaa where tdwbaa = 'gsiaaa';
delete from zdnbaa where tdwbaa = 'pxsaaa';
delete from zdnbaa where tdwbaa = 'mmdbaa';
delete from zdnbaa where tdwbaa = 'exkaaa';
delete from zdnbaa where tdwbaa = 'teubaa';
delete from zdnbaa where tdwbaa = 'tymaaa';
delete from zdnbaa where tdwbaa = 'nbraaa';
delete from zdnbaa where tdwbaa = 'wivaaa';
delete from zdnbaa where tdwbaa = 'qybbaa';
delete from zdnbaa where tdwbaa = 'visbaa';
delete from zdnbaa where tdwbaa = 'fblbaa';
delete from zdnbaa where tdwbaa = 'nhlaaa';
delete from zdnbaa where tdwbaa = 'lsmaaa';
delete from zdnbaa where tdwbaa = 'glcaaa';
delete from zdnbaa where tdwbaa = 'rdnaaa';
delete from zdnbaa where tdwbaa = 'ltrbaa';
delete from zdnbaa where tdwbaa = 'kuwaaa';
delete from zdnbaa where tdwbaa = 'hcnbaa';
delete from zdnbaa where tdwbaa = 'sdhaaa';
delete from zdnbaa where tdwbaa = 'arvaaa';
delete from zdnbaa where tdwbaa = 'hohbaa';
delete from zdnbaa where tdwbaa = 'zaobaa';
delete from zdnbaa where tdwbaa = 'hzjbaa';
delete from zdnbaa where tdwbaa = 'azhaaa';
delete from zdnbaa where tdwbaa = 'eiubaa';
delete from zdnbaa where tdwbaa = 'wqiaaa';
delete from zdnbaa where tdwbaa = 'avtaaa';
delete from zdnbaa where tdwbaa = 'bgmaaa';
delete from zdnbaa where tdwbaa = 'cugaaa';
delete from zdnbaa where tdwbaa = 'ihdaaa';
delete from zdnbaa where tdwbaa = 'xkxaaa';
delete from zdnbaa where tdwbaa = 'cydbaa';
delete from zdnbaa where tdwbaa = 'ncibaa';
delete from zdnbaa where tdwbaa = 'mumbaa';
delete from zdnbaa where tdwbaa = 'ephaaa';
delete from zdnbaa where tdwbaa = 'fxdbaa';
delete from zdnbaa where tdwbaa = 'uesbaa';
delete from zdnbaa where tdwbaa = 'unvbaa';
delete from zdnbaa where tdwbaa = 'zecbaa';
delete from zdnbaa where tdwbaa = 'ucubaa';
delete from zdnbaa where tdwbaa = 'qshaaa';
delete from zdnbaa where tdwbaa = 'zqtaaa';
delete from zdnbaa where tdwbaa = 'wzcaaa';
delete from zdnbaa where tdwbaa = 'esuaaa';
delete from zdnbaa where tdwbaa = 'fnxaaa';
delete from zdnbaa where tdwbaa = 'yeebaa';
delete from zdnbaa where tdwbaa = 'lcgbaa';
delete from zdnbaa where tdwbaa = 'janbaa';
delete from zdnbaa where tdwbaa = 'kaqbaa';
delete from zdnbaa where tdwbaa = 'bjebaa';
delete from zdnbaa where tdwbaa = 'uheaaa';
delete from zdnbaa where tdwbaa = 'xcwaaa';
delete from zdnbaa where tdwbaa = 'getaaa';
delete from zdnbaa where tdwbaa = 'upfbaa';
delete from zdnbaa where tdwbaa = 'tombaa';
delete from zdnbaa where tdwbaa = 'ejmaaa';
delete from zdnbaa where tdwbaa = 'rcnaaa';
delete from zdnbaa where tdwbaa = 'iplaaa';
delete from zdnbaa where tdwbaa = 'lxfaaa';
delete from zdnbaa where tdwbaa = 'ifxaaa';
delete from zdnbaa where tdwbaa = 'ponaaa';
delete from zdnbaa where tdwbaa = 'hfpbaa';
delete from zdnbaa where tdwbaa = 'rjnaaa';
delete from zdnbaa where tdwbaa = 'dwlbaa';
delete from zdnbaa where tdwbaa = 'htmbaa';
delete from zdnbaa where tdwbaa = 'pasaaa';
delete from zdnbaa where tdwbaa = 'xytbaa';
delete from zdnbaa where tdwbaa = 'twhaaa';
delete from zdnbaa where tdwbaa = 'dwfbaa';
delete from zdnbaa where tdwbaa = 'sstaaa';
delete from zdnbaa where tdwbaa = 'oieaaa';
delete from zdnbaa where tdwbaa = 'cseaaa';
delete from zdnbaa where tdwbaa = 'spsaaa';
delete from zdnbaa where tdwbaa = 'seeaaa';
delete from zdnbaa where tdwbaa = 'gtgbaa';
delete from zdnbaa where tdwbaa = 'dvebaa';
delete from zdnbaa where tdwbaa = 'yfsaaa';
delete from zdnbaa where tdwbaa = 'qwfbaa';
delete from zdnbaa where tdwbaa = 'xbubaa';
delete from zdnbaa where tdwbaa = 'xaaaaa';
delete from zdnbaa where tdwbaa = 'xiwaaa';
delete from zdnbaa where tdwbaa = 'pfuaaa';
delete from zdnbaa where tdwbaa = 'txdbaa';
delete from zdnbaa where tdwbaa = 'eoyaaa';
delete from zdnbaa where tdwbaa = 'gccbaa';
delete from zdnbaa where tdwbaa = 'paeaaa';
delete from zdnbaa where tdwbaa = 'zrtbaa';
delete from zdnbaa where tdwbaa = 'dohaaa';
delete from zdnbaa where tdwbaa = 'eenbaa';
delete from zdnbaa where tdwbaa = 'vsjaaa';
delete from zdnbaa where tdwbaa = 'jdmaaa';
delete from zdnbaa where tdwbaa = 'xnkbaa';
delete from zdnbaa where tdwbaa = 'jdvaaa';
delete from zdnbaa where tdwbaa = 'usgbaa';
delete from zdnbaa where tdwbaa = 'nalbaa';
delete from zdnbaa where tdwbaa = 'zuqbaa';
delete from zdnbaa where tdwbaa = 'cnpaaa';
delete from zdnbaa where tdwbaa = 'zebaaa';
delete from zdnbaa where tdwbaa = 'nhnaaa';
delete from zdnbaa where tdwbaa = 'mhcbaa';
delete from zdnbaa where tdwbaa = 'belaaa';
delete from zdnbaa where tdwbaa = 'vsvaaa';
delete from zdnbaa where tdwbaa = 'nzcbaa';
delete from zdnbaa where tdwbaa = 'dydaaa';
delete from zdnbaa where tdwbaa = 'iztaaa';
delete from zdnbaa where tdwbaa = 'iqoaaa';
delete from zdnbaa where tdwbaa = 'rgoaaa';
delete from zdnbaa where tdwbaa = 'nvtaaa';
delete from zdnbaa where tdwbaa = 'qtdaaa';
delete from zdnbaa where tdwbaa = 'srdaaa';
delete from zdnbaa where tdwbaa = 'hqdbaa';
delete from zdnbaa where tdwbaa = 'xxmaaa';
delete from zdnbaa where tdwbaa = 'cwnbaa';
delete from zdnbaa where tdwbaa = 'mphbaa';
delete from zdnbaa where tdwbaa = 'wjpaaa';
delete from zdnbaa where tdwbaa = 'krfaaa';
delete from zdnbaa where tdwbaa = 'lvcaaa';
delete from zdnbaa where tdwbaa = 'eazaaa';
delete from zdnbaa where tdwbaa = 'jigbaa';
delete from zdnbaa where tdwbaa = 'cjyaaa';
delete from zdnbaa where tdwbaa = 'qaoaaa';
delete from zdnbaa where tdwbaa = 'apcbaa';
delete from zdnbaa where tdwbaa = 'hjgaaa';
delete from zdnbaa where tdwbaa = 'vdnbaa';
delete from zdnbaa where tdwbaa = 'mplaaa';
delete from zdnbaa where tdwbaa = 'jldbaa';
delete from zdnbaa where tdwbaa = 'bmpaaa';
delete from zdnbaa where tdwbaa = 'fxhbaa';
delete from zdnbaa where tdwbaa = 'fbsaaa';
delete from zdnbaa where tdwbaa = 'cwjaaa';
delete from zdnbaa where tdwbaa = 'qxgbaa';
delete from zdnbaa where tdwbaa = 'zngaaa';
delete from zdnbaa where tdwbaa = 'eslaaa';
delete from zdnbaa where tdwbaa = 'yxvaaa';
delete from zdnbaa where tdwbaa = 'fzsaaa';
delete from zdnbaa where tdwbaa = 'jjmaaa';
delete from zdnbaa where tdwbaa = 'gxtbaa';
delete from zdnbaa where tdwbaa = 'mkrbaa';
delete from zdnbaa where tdwbaa = 'lflaaa';
delete from zdnbaa where tdwbaa = 'ruqaaa';
delete from zdnbaa where tdwbaa = 'vsabaa';
delete from zdnbaa where tdwbaa = 'bgnbaa';
delete from zdnbaa where tdwbaa = 'gayaaa';
delete from zdnbaa where tdwbaa = 'acpbaa';
delete from zdnbaa where tdwbaa = 'ilmbaa';
delete from zdnbaa where tdwbaa = 'smtbaa';
delete from zdnbaa where tdwbaa = 'cmcbaa';
delete from zdnbaa where tdwbaa = 'ztpbaa';
delete from zdnbaa where tdwbaa = 'zptbaa';
delete from zdnbaa where tdwbaa = 'evtaaa';
delete from zdnbaa where tdwbaa = 'ifraaa';
delete from zdnbaa where tdwbaa = 'kjhaaa';
delete from zdnbaa where tdwbaa = 'hsgaaa';
delete from zdnbaa where tdwbaa = 'rbcaaa';
delete from zdnbaa where tdwbaa = 'anlbaa';
delete from zdnbaa where tdwbaa = 'mwdaaa';
delete from zdnbaa where tdwbaa = 'fodaaa';
delete from zdnbaa where tdwbaa = 'tjmbaa';
delete from zdnbaa where tdwbaa = 'cidaaa';
delete from zdnbaa where tdwbaa = 'vkwaaa';
delete from zdnbaa where tdwbaa = 'oupaaa';
delete from zdnbaa where tdwbaa = 'bryaaa';
delete from zdnbaa where tdwbaa = 'ldqbaa';
delete from zdnbaa where tdwbaa = 'nlnbaa';
delete from zdnbaa where tdwbaa = 'yflaaa';
delete from zdnbaa where tdwbaa = 'zolbaa';
delete from zdnbaa where tdwbaa = 'ezxaaa';
delete from zdnbaa where tdwbaa = 'mmtbaa';
delete from zdnbaa where tdwbaa = 'nkdbaa';
delete from zdnbaa where tdwbaa = 'ogaaaa';
delete from zdnbaa where tdwbaa = 'ufubaa';
delete from zdnbaa where tdwbaa = 'sxqaaa';
delete from zdnbaa where tdwbaa = 'bpiaaa';
delete from zdnbaa where tdwbaa = 'qhabaa';
delete from zdnbaa where tdwbaa = 'aclbaa';
delete from zdnbaa where tdwbaa = 'rzwaaa';
delete from zdnbaa where tdwbaa = 'mvcaaa';
delete from zdnbaa where tdwbaa = 'rbvbaa';
delete from zdnbaa where tdwbaa = 'eviaaa';
delete from zdnbaa where tdwbaa = 'jdgaaa';
delete from zdnbaa where tdwbaa = 'zdgaaa';
delete from zdnbaa where tdwbaa = 'biraaa';
delete from zdnbaa where tdwbaa = 'fqsbaa';
delete from zdnbaa where tdwbaa = 'uojaaa';
delete from zdnbaa where tdwbaa = 'clebaa';
delete from zdnbaa where tdwbaa = 'fdfbaa';
delete from zdnbaa where tdwbaa = 'trvbaa';
delete from zdnbaa where tdwbaa = 'qncaaa';
delete from zdnbaa where tdwbaa = 'fupbaa';
delete from zdnbaa where tdwbaa = 'qurbaa';
delete from zdnbaa where tdwbaa = 'pqgbaa';
delete from zdnbaa where tdwbaa = 'bncbaa';
delete from zdnbaa where tdwbaa = 'nmoaaa';
delete from zdnbaa where tdwbaa = 'beibaa';
delete from zdnbaa where tdwbaa = 'gusaaa';
delete from zdnbaa where tdwbaa = 'ivuaaa';
delete from zdnbaa where tdwbaa = 'uhubaa';
delete from zdnbaa where tdwbaa = 'memaaa';
delete from zdnbaa where tdwbaa = 'bfoaaa';
delete from zdnbaa where tdwbaa = 'dykaaa';
delete from zdnbaa where tdwbaa = 'dssaaa';
delete from zdnbaa where tdwbaa = 'ssbbaa';
delete from zdnbaa where tdwbaa = 'ntwaaa';
delete from zdnbaa where tdwbaa = 'hezaaa';
delete from zdnbaa where tdwbaa = 'kggaaa';
delete from zdnbaa where tdwbaa = 'vovaaa';
delete from zdnbaa where tdwbaa = 'azdbaa';
delete from zdnbaa where tdwbaa = 'athaaa';
delete from zdnbaa where tdwbaa = 'ocubaa';
delete from zdnbaa where tdwbaa = 'zwnaaa';
delete from zdnbaa where tdwbaa = 'qzsbaa';
delete from zdnbaa where tdwbaa = 'mzibaa';
delete from zdnbaa where tdwbaa = 'apjbaa';
delete from zdnbaa where tdwbaa = 'jxibaa';
delete from zdnbaa where tdwbaa = 'eljaaa';
delete from zdnbaa where tdwbaa = 'hyrbaa';
delete from zdnbaa where tdwbaa = 'swqaaa';
delete from zdnbaa where tdwbaa = 'kicaaa';
delete from zdnbaa where tdwbaa = 'kzlbaa';
delete from zdnbaa where tdwbaa = 'ctsaaa';
delete from zdnbaa where tdwbaa = 'rgraaa';
delete from zdnbaa where tdwbaa = 'pnqaaa';
delete from zdnbaa where tdwbaa = 'myzaaa';
delete from zdnbaa where tdwbaa = 'xjdaaa';
delete from zdnbaa where tdwbaa = 'gdrbaa';
delete from zdnbaa where tdwbaa = 'fsraaa';
delete from zdnbaa where tdwbaa = 'ntjaaa';
delete from zdnbaa where tdwbaa = 'rxlaaa';
delete from zdnbaa where tdwbaa = 'llabaa';
delete from zdnbaa where tdwbaa = 'ugdaaa';
delete from zdnbaa where tdwbaa = 'cqyaaa';
delete from zdnbaa where tdwbaa = 'vlcbaa';
delete from zdnbaa where tdwbaa = 'bbfbaa';
delete from zdnbaa where tdwbaa = 'jkobaa';
delete from zdnbaa where tdwbaa = 'kkvaaa';
delete from zdnbaa where tdwbaa = 'exwaaa';
delete from zdnbaa where tdwbaa = 'nqgbaa';
delete from zdnbaa where tdwbaa = 'sulaaa';
delete from zdnbaa where tdwbaa = 'dbpbaa';
delete from zdnbaa where tdwbaa = 'lcdbaa';
delete from zdnbaa where tdwbaa = 'fgqaaa';
delete from zdnbaa where tdwbaa = 'taabaa';
delete from zdnbaa where tdwbaa = 'dhtbaa';
delete from zdnbaa where tdwbaa = 'lqraaa';
delete from zdnbaa where tdwbaa = 'lesbaa';
delete from zdnbaa where tdwbaa = 'fwyaaa';
delete from zdnbaa where tdwbaa = 'fgmbaa';
delete from zdnbaa where tdwbaa = 'ceubaa';
delete from zdnbaa where tdwbaa = 'aluaaa';
delete from zdnbaa where tdwbaa = 'dsdaaa';
delete from zdnbaa where tdwbaa = 'ncxaaa';
delete from zdnbaa where tdwbaa = 'pofbaa';
delete from zdnbaa where tdwbaa = 'ljqaaa';
delete from zdnbaa where tdwbaa = 'nrhaaa';
delete from zdnbaa where tdwbaa = 'ynobaa';
delete from zdnbaa where tdwbaa = 'xxoaaa';
delete from zdnbaa where tdwbaa = 'lblaaa';
delete from zdnbaa where tdwbaa = 'trkaaa';
delete from zdnbaa where tdwbaa = 'scbbaa';
delete from zdnbaa where tdwbaa = 'kyuaaa';
delete from zdnbaa where tdwbaa = 'wciaaa';
delete from zdnbaa where tdwbaa = 'pgdaaa';
delete from zdnbaa where tdwbaa = 'ndfbaa';
delete from zdnbaa where tdwbaa = 'wprbaa';
delete from zdnbaa where tdwbaa = 'dnmaaa';
delete from zdnbaa where tdwbaa = 'dyiaaa';
delete from zdnbaa where tdwbaa = 'zlnbaa';
delete from zdnbaa where tdwbaa = 'ijjbaa';
delete from zdnbaa where tdwbaa = 'xffaaa';
delete from zdnbaa where tdwbaa = 'lnpaaa';
delete from zdnbaa where tdwbaa = 'vdbaaa';
delete from zdnbaa where tdwbaa = 'xprbaa';
delete from zdnbaa where tdwbaa = 'gjdbaa';
delete from zdnbaa where tdwbaa = 'ftzaaa';
delete from zdnbaa where tdwbaa = 'mocbaa';
delete from zdnbaa where tdwbaa = 'ntgbaa';
delete from zdnbaa where tdwbaa = 'rrobaa';
delete from zdnbaa where tdwbaa = 'bttaaa';
delete from zdnbaa where tdwbaa = 'gveaaa';
delete from zdnbaa where tdwbaa = 'ovqaaa';
delete from zdnbaa where tdwbaa = 'bgdaaa';
delete from zdnbaa where tdwbaa = 'wppbaa';
delete from zdnbaa where tdwbaa = 'pfhaaa';
delete from zdnbaa where tdwbaa = 'szdaaa';
delete from zdnbaa where tdwbaa = 'leoaaa';
delete from zdnbaa where tdwbaa = 'naabaa';
delete from zdnbaa where tdwbaa = 'zynaaa';
delete from zdnbaa where tdwbaa = 'bmsbaa';
delete from zdnbaa where tdwbaa = 'znlbaa';
delete from zdnbaa where tdwbaa = 'wnkbaa';
delete from zdnbaa where tdwbaa = 'twkbaa';
delete from zdnbaa where tdwbaa = 'apzaaa';
delete from zdnbaa where tdwbaa = 'rasaaa';
delete from zdnbaa where tdwbaa = 'qktbaa';
delete from zdnbaa where tdwbaa = 'mrsaaa';
delete from zdnbaa where tdwbaa = 'btfaaa';
delete from zdnbaa where tdwbaa = 'hhjbaa';
delete from zdnbaa where tdwbaa = 'chfaaa';
delete from zdnbaa where tdwbaa = 'uqqbaa';
delete from zdnbaa where tdwbaa = 'mcrbaa';
delete from zdnbaa where tdwbaa = 'jsbaaa';
delete from zdnbaa where tdwbaa = 'dwnaaa';
delete from zdnbaa where tdwbaa = 'dahbaa';
delete from zdnbaa where tdwbaa = 'alnbaa';
delete from zdnbaa where tdwbaa = 'gvzaaa';
delete from zdnbaa where tdwbaa = 'pqsaaa';
delete from zdnbaa where tdwbaa = 'ejzaaa';
delete from zdnbaa where tdwbaa = 'qjoaaa';
delete from zdnbaa where tdwbaa = 'nzaaaa';
delete from zdnbaa where tdwbaa = 'nnoaaa';
delete from zdnbaa where tdwbaa = 'bxmbaa';
delete from zdnbaa where tdwbaa = 'glyaaa';
delete from zdnbaa where tdwbaa = 'sdfbaa';
delete from zdnbaa where tdwbaa = 'njwbaa';
delete from zdnbaa where tdwbaa = 'svmbaa';
delete from zdnbaa where tdwbaa = 'ouubaa';
delete from zdnbaa where tdwbaa = 'xysaaa';
delete from zdnbaa where tdwbaa = 'scvaaa';
delete from zdnbaa where tdwbaa = 'iaebaa';
delete from zdnbaa where tdwbaa = 'tgiaaa';
delete from zdnbaa where tdwbaa = 'mnuaaa';
delete from zdnbaa where tdwbaa = 'qwmaaa';
delete from zdnbaa where tdwbaa = 'jihaaa';
delete from zdnbaa where tdwbaa = 'jmsaaa';
delete from zdnbaa where tdwbaa = 'eembaa';
delete from zdnbaa where tdwbaa = 'dcnbaa';
delete from zdnbaa where tdwbaa = 'imubaa';
delete from zdnbaa where tdwbaa = 'zbsaaa';
delete from zdnbaa where tdwbaa = 'qnfbaa';
delete from zdnbaa where tdwbaa = 'dmlaaa';
delete from zdnbaa where tdwbaa = 'mjsaaa';
delete from zdnbaa where tdwbaa = 'gwpaaa';
delete from zdnbaa where tdwbaa = 'seebaa';
delete from zdnbaa where tdwbaa = 'ftxaaa';
delete from zdnbaa where tdwbaa = 'tlibaa';
delete from zdnbaa where tdwbaa = 'btcbaa';
delete from zdnbaa where tdwbaa = 'ecnaaa';
delete from zdnbaa where tdwbaa = 'pknbaa';
delete from zdnbaa where tdwbaa = 'ndobaa';
delete from zdnbaa where tdwbaa = 'qekaaa';
delete from zdnbaa where tdwbaa = 'bbwaaa';
delete from zdnbaa where tdwbaa = 'ofdbaa';
delete from zdnbaa where tdwbaa = 'uwpaaa';
delete from zdnbaa where tdwbaa = 'eatbaa';
delete from zdnbaa where tdwbaa = 'znaaaa';
delete from zdnbaa where tdwbaa = 'yzlaaa';
delete from zdnbaa where tdwbaa = 'oqabaa';
delete from zdnbaa where tdwbaa = 'efpaaa';
delete from zdnbaa where tdwbaa = 'cghaaa';
delete from zdnbaa where tdwbaa = 'vhyaaa';
delete from zdnbaa where tdwbaa = 'kymaaa';
delete from zdnbaa where tdwbaa = 'rsebaa';
delete from zdnbaa where tdwbaa = 'zovaaa';
delete from zdnbaa where tdwbaa = 'lbsbaa';
delete from zdnbaa where tdwbaa = 'pxvbaa';
delete from zdnbaa where tdwbaa = 'smnbaa';
delete from zdnbaa where tdwbaa = 'ptjbaa';
delete from zdnbaa where tdwbaa = 'ixobaa';
delete from zdnbaa where tdwbaa = 'limbaa';
delete from zdnbaa where tdwbaa = 'nafaaa';
delete from zdnbaa where tdwbaa = 'rkfbaa';
delete from zdnbaa where tdwbaa = 'bghbaa';
delete from zdnbaa where tdwbaa = 'gvbbaa';
delete from zdnbaa where tdwbaa = 'yobaaa';
delete from zdnbaa where tdwbaa = 'qgbbaa';
delete from zdnbaa where tdwbaa = 'fufbaa';
delete from zdnbaa where tdwbaa = 'paobaa';
delete from zdnbaa where tdwbaa = 'lkzaaa';
delete from zdnbaa where tdwbaa = 'znmbaa';
delete from zdnbaa where tdwbaa = 'gotaaa';
delete from zdnbaa where tdwbaa = 'ixpbaa';
delete from zdnbaa where tdwbaa = 'olxaaa';
delete from zdnbaa where tdwbaa = 'xlhaaa';
delete from zdnbaa where tdwbaa = 'xotbaa';
delete from zdnbaa where tdwbaa = 'tkbaaa';
delete from zdnbaa where tdwbaa = 'szibaa';
delete from zdnbaa where tdwbaa = 'veebaa';
delete from zdnbaa where tdwbaa = 'qoaaaa';
delete from zdnbaa where tdwbaa = 'mdmbaa';
delete from zdnbaa where tdwbaa = 'irabaa';
delete from zdnbaa where tdwbaa = 'hpsaaa';
delete from zdnbaa where tdwbaa = 'qjyaaa';
delete from zdnbaa where tdwbaa = 'stkaaa';
delete from zdnbaa where tdwbaa = 'wjrbaa';
delete from zdnbaa where tdwbaa = 'girbaa';
delete from zdnbaa where tdwbaa = 'xbvbaa';
delete from zdnbaa where tdwbaa = 'puqbaa';
delete from zdnbaa where tdwbaa = 'vprbaa';
delete from zdnbaa where tdwbaa = 'sddaaa';
delete from zdnbaa where tdwbaa = 'uhebaa';
delete from zdnbaa where tdwbaa = 'wxoaaa';
delete from zdnbaa where tdwbaa = 'jadbaa';
delete from zdnbaa where tdwbaa = 'gpfaaa';
delete from zdnbaa where tdwbaa = 'iggbaa';
delete from zdnbaa where tdwbaa = 'kyhaaa';
delete from zdnbaa where tdwbaa = 'irqbaa';
delete from zdnbaa where tdwbaa = 'ymsbaa';
delete from zdnbaa where tdwbaa = 'gkebaa';
delete from zdnbaa where tdwbaa = 'nkgaaa';
delete from zdnbaa where tdwbaa = 'gcyaaa';
delete from zdnbaa where tdwbaa = 'belbaa';
delete from zdnbaa where tdwbaa = 'blsaaa';
delete from zdnbaa where tdwbaa = 'xmzaaa';
delete from zdnbaa where tdwbaa = 'zxvbaa';
delete from zdnbaa where tdwbaa = 'embbaa';
delete from zdnbaa where tdwbaa = 'hpcaaa';
delete from zdnbaa where tdwbaa = 'lhzaaa';
delete from zdnbaa where tdwbaa = 'gapaaa';
delete from zdnbaa where tdwbaa = 'dwgaaa';
delete from zdnbaa where tdwbaa = 'ystbaa';
delete from zdnbaa where tdwbaa = 'alpbaa';
delete from zdnbaa where tdwbaa = 'fjtbaa';
delete from zdnbaa where tdwbaa = 'pzlbaa';
delete from zdnbaa where tdwbaa = 'secbaa';
delete from zdnbaa where tdwbaa = 'xhgbaa';
delete from zdnbaa where tdwbaa = 'sppbaa';
delete from zdnbaa where tdwbaa = 'igsbaa';
delete from zdnbaa where tdwbaa = 'sasbaa';
delete from zdnbaa where tdwbaa = 'ccoaaa';
delete from zdnbaa where tdwbaa = 'hfibaa';
delete from zdnbaa where tdwbaa = 'rrnaaa';
delete from zdnbaa where tdwbaa = 'ftsaaa';
delete from zdnbaa where tdwbaa = 'hhpbaa';
delete from zdnbaa where tdwbaa = 'uwbaaa';
delete from zdnbaa where tdwbaa = 'braaaa';
delete from zdnbaa where tdwbaa = 'rbuaaa';
delete from zdnbaa where tdwbaa = 'rmmaaa';
delete from zdnbaa where tdwbaa = 'jmlaaa';
delete from zdnbaa where tdwbaa = 'rakaaa';
delete from zdnbaa where tdwbaa = 'mmqbaa';
delete from zdnbaa where tdwbaa = 'eaqaaa';
delete from zdnbaa where tdwbaa = 'rnnaaa';
delete from zdnbaa where tdwbaa = 'wtqbaa';
delete from zdnbaa where tdwbaa = 'knsbaa';
delete from zdnbaa where tdwbaa = 'jbzaaa';
delete from zdnbaa where tdwbaa = 'mslaaa';
delete from zdnbaa where tdwbaa = 'ebpbaa';
delete from zdnbaa where tdwbaa = 'kqjbaa';
delete from zdnbaa where tdwbaa = 'hymaaa';
delete from zdnbaa where tdwbaa = 'cuobaa';
delete from zdnbaa where tdwbaa = 'xkcaaa';
delete from zdnbaa where tdwbaa = 'tpuaaa';
delete from zdnbaa where tdwbaa = 'xddaaa';
delete from zdnbaa where tdwbaa = 'danaaa';
delete from zdnbaa where tdwbaa = 'moeaaa';
delete from zdnbaa where tdwbaa = 'veubaa';
delete from zdnbaa where tdwbaa = 'gxdbaa';
delete from zdnbaa where tdwbaa = 'zdaaaa';
delete from zdnbaa where tdwbaa = 'mlgaaa';
delete from zdnbaa where tdwbaa = 'nssbaa';
delete from zdnbaa where tdwbaa = 'krqbaa';
delete from zdnbaa where tdwbaa = 'yxubaa';
delete from zdnbaa where tdwbaa = 'msdbaa';
delete from zdnbaa where tdwbaa = 'ijyaaa';
delete from zdnbaa where tdwbaa = 'xsgbaa';
delete from zdnbaa where tdwbaa = 'ksibaa';
delete from zdnbaa where tdwbaa = 'nzkaaa';
delete from zdnbaa where tdwbaa = 'uyhbaa';
delete from zdnbaa where tdwbaa = 'edabaa';
delete from zdnbaa where tdwbaa = 'ivpaaa';
delete from zdnbaa where tdwbaa = 'owubaa';
delete from zdnbaa where tdwbaa = 'ykkbaa';
delete from zdnbaa where tdwbaa = 'sgwbaa';
delete from zdnbaa where tdwbaa = 'rsnaaa';
delete from zdnbaa where tdwbaa = 'oxhbaa';
delete from zdnbaa where tdwbaa = 'qtnbaa';
delete from zdnbaa where tdwbaa = 'doiaaa';
delete from zdnbaa where tdwbaa = 'peqaaa';
delete from zdnbaa where tdwbaa = 'elgbaa';
delete from zdnbaa where tdwbaa = 'vstbaa';
delete from zdnbaa where tdwbaa = 'rembaa';
delete from zdnbaa where tdwbaa = 'lykaaa';
delete from zdnbaa where tdwbaa = 'difaaa';
delete from zdnbaa where tdwbaa = 'mfcbaa';
delete from zdnbaa where tdwbaa = 'pdfaaa';
delete from zdnbaa where tdwbaa = 'mfsbaa';
delete from zdnbaa where tdwbaa = 'gsuaaa';
delete from zdnbaa where tdwbaa = 'koebaa';
delete from zdnbaa where tdwbaa = 'qribaa';
delete from zdnbaa where tdwbaa = 'pqpaaa';
delete from zdnbaa where tdwbaa = 'xssbaa';
delete from zdnbaa where tdwbaa = 'bukaaa';
delete from zdnbaa where tdwbaa = 'bdkaaa';
delete from zdnbaa where tdwbaa = 'kfoaaa';
delete from zdnbaa where tdwbaa = 'mnzaaa';
delete from zdnbaa where tdwbaa = 'fuiaaa';
delete from zdnbaa where tdwbaa = 'xqbbaa';
delete from zdnbaa where tdwbaa = 'gekbaa';
delete from zdnbaa where tdwbaa = 'yqyaaa';
delete from zdnbaa where tdwbaa = 'hcwaaa';
delete from zdnbaa where tdwbaa = 'ahwaaa';
delete from zdnbaa where tdwbaa = 'iuibaa';
delete from zdnbaa where tdwbaa = 'fzebaa';
delete from zdnbaa where tdwbaa = 'rssaaa';
delete from zdnbaa where tdwbaa = 'qkfaaa';
delete from zdnbaa where tdwbaa = 'trpaaa';
delete from zdnbaa where tdwbaa = 'eykbaa';
delete from zdnbaa where tdwbaa = 'gzgaaa';
delete from zdnbaa where tdwbaa = 'ekmaaa';
delete from zdnbaa where tdwbaa = 'vgvbaa';
delete from zdnbaa where tdwbaa = 'zxdbaa';
delete from zdnbaa where tdwbaa = 'sjjbaa';
delete from zdnbaa where tdwbaa = 'ertbaa';
delete from zdnbaa where tdwbaa = 'nytaaa';
delete from zdnbaa where tdwbaa = 'zmhbaa';
delete from zdnbaa where tdwbaa = 'rshbaa';
delete from zdnbaa where tdwbaa = 'xeoaaa';
delete from zdnbaa where tdwbaa = 'xkhaaa';
delete from zdnbaa where tdwbaa = 'wjjbaa';
delete from zdnbaa where tdwbaa = 'qhcbaa';
delete from zdnbaa where tdwbaa = 'ynbaaa';
delete from zdnbaa where tdwbaa = 'rgsbaa';
delete from zdnbaa where tdwbaa = 'sxfbaa';
delete from zdnbaa where tdwbaa = 'ibfaaa';
delete from zdnbaa where tdwbaa = 'iofbaa';
delete from zdnbaa where tdwbaa = 'lgcbaa';
delete from zdnbaa where tdwbaa = 'kcjaaa';
delete from zdnbaa where tdwbaa = 'hutbaa';
delete from zdnbaa where tdwbaa = 'aifbaa';
delete from zdnbaa where tdwbaa = 'cqmbaa';
delete from zdnbaa where tdwbaa = 'dmnaaa';
delete from zdnbaa where tdwbaa = 'brobaa';
delete from zdnbaa where tdwbaa = 'ulwaaa';
delete from zdnbaa where tdwbaa = 'qywaaa';
delete from zdnbaa where tdwbaa = 'ijwaaa';
delete from zdnbaa where tdwbaa = 'jttbaa';
delete from zdnbaa where tdwbaa = 'crnaaa';
delete from zdnbaa where tdwbaa = 'iquaaa';
delete from zdnbaa where tdwbaa = 'yrhbaa';
delete from zdnbaa where tdwbaa = 'hbjbaa';
delete from zdnbaa where tdwbaa = 'nrgaaa';
delete from zdnbaa where tdwbaa = 'upraaa';
delete from zdnbaa where tdwbaa = 'hqubaa';
delete from zdnbaa where tdwbaa = 'kjsaaa';
delete from zdnbaa where tdwbaa = 'qbyaaa';
delete from zdnbaa where tdwbaa = 'sttaaa';
delete from zdnbaa where tdwbaa = 'kkuaaa';
delete from zdnbaa where tdwbaa = 'iwfaaa';
delete from zdnbaa where tdwbaa = 'gywaaa';
delete from zdnbaa where tdwbaa = 'pjcaaa';
delete from zdnbaa where tdwbaa = 'cvebaa';
delete from zdnbaa where tdwbaa = 'xalaaa';
delete from zdnbaa where tdwbaa = 'uenbaa';
delete from zdnbaa where tdwbaa = 'mqraaa';
delete from zdnbaa where tdwbaa = 'tthbaa';
delete from zdnbaa where tdwbaa = 'wvbaaa';
delete from zdnbaa where tdwbaa = 'luqaaa';
delete from zdnbaa where tdwbaa = 'gkwaaa';
delete from zdnbaa where tdwbaa = 'aacbaa';
delete from zdnbaa where tdwbaa = 'boeaaa';
delete from zdnbaa where tdwbaa = 'lmdbaa';
delete from zdnbaa where tdwbaa = 'enebaa';
delete from zdnbaa where tdwbaa = 'lxbbaa';
delete from zdnbaa where tdwbaa = 'fihaaa';
delete from zdnbaa where tdwbaa = 'rxabaa';
delete from zdnbaa where tdwbaa = 'grgaaa';
delete from zdnbaa where tdwbaa = 'ugiaaa';
delete from zdnbaa where tdwbaa = 'zonaaa';
delete from zdnbaa where tdwbaa = 'fogaaa';
delete from zdnbaa where tdwbaa = 'scjaaa';
delete from zdnbaa where tdwbaa = 'pnhaaa';
delete from zdnbaa where tdwbaa = 'iklbaa';
delete from zdnbaa where tdwbaa = 'teibaa';
delete from zdnbaa where tdwbaa = 'gnubaa';
delete from zdnbaa where tdwbaa = 'rgsaaa';
delete from zdnbaa where tdwbaa = 'tgdaaa';
delete from zdnbaa where tdwbaa = 'nxsbaa';
delete from zdnbaa where tdwbaa = 'xclaaa';
delete from zdnbaa where tdwbaa = 'yctbaa';
delete from zdnbaa where tdwbaa = 'kevaaa';
delete from zdnbaa where tdwbaa = 'btkaaa';
delete from zdnbaa where tdwbaa = 'avzaaa';
delete from zdnbaa where tdwbaa = 'yphaaa';
delete from zdnbaa where tdwbaa = 'gvdbaa';
delete from zdnbaa where tdwbaa = 'nzsaaa';
delete from zdnbaa where tdwbaa = 'weqaaa';
delete from zdnbaa where tdwbaa = 'kknaaa';
delete from zdnbaa where tdwbaa = 'yzfaaa';
delete from zdnbaa where tdwbaa = 'jnxaaa';
delete from zdnbaa where tdwbaa = 'jpiaaa';
delete from zdnbaa where tdwbaa = 'hraaaa';
delete from zdnbaa where tdwbaa = 'cuxaaa';
delete from zdnbaa where tdwbaa = 'ruyaaa';
delete from zdnbaa where tdwbaa = 'iqnaaa';
delete from zdnbaa where tdwbaa = 'ymcaaa';
delete from zdnbaa where tdwbaa = 'vieaaa';
delete from zdnbaa where tdwbaa = 'dqeaaa';
delete from zdnbaa where tdwbaa = 'buabaa';
delete from zdnbaa where tdwbaa = 'vwfbaa';
delete from zdnbaa where tdwbaa = 'lsnbaa';
delete from zdnbaa where tdwbaa = 'gdgbaa';
delete from zdnbaa where tdwbaa = 'ckxaaa';
delete from zdnbaa where tdwbaa = 'rzpaaa';
delete from zdnbaa where tdwbaa = 'ihqaaa';
delete from zdnbaa where tdwbaa = 'jkmaaa';
delete from zdnbaa where tdwbaa = 'uprbaa';
delete from zdnbaa where tdwbaa = 'uwmbaa';
delete from zdnbaa where tdwbaa = 'ncdaaa';
delete from zdnbaa where tdwbaa = 'bmbbaa';
delete from zdnbaa where tdwbaa = 'hzbaaa';
delete from zdnbaa where tdwbaa = 'gkmaaa';
delete from zdnbaa where tdwbaa = 'exhbaa';
delete from zdnbaa where tdwbaa = 'dxnaaa';
delete from zdnbaa where tdwbaa = 'lksbaa';
delete from zdnbaa where tdwbaa = 'uwdaaa';
delete from zdnbaa where tdwbaa = 'vquaaa';
delete from zdnbaa where tdwbaa = 'bqraaa';
delete from zdnbaa where tdwbaa = 'uzuaaa';
delete from zdnbaa where tdwbaa = 'tebaaa';
delete from zdnbaa where tdwbaa = 'hkbbaa';
delete from zdnbaa where tdwbaa = 'oqmaaa';
delete from zdnbaa where tdwbaa = 'tbmaaa';
delete from zdnbaa where tdwbaa = 'qgeaaa';
delete from zdnbaa where tdwbaa = 'hiqbaa';
delete from zdnbaa where tdwbaa = 'ljnbaa';
delete from zdnbaa where tdwbaa = 'ptnbaa';
delete from zdnbaa where tdwbaa = 'qwvbaa';
delete from zdnbaa where tdwbaa = 'jdkaaa';
delete from zdnbaa where tdwbaa = 'uelaaa';
delete from zdnbaa where tdwbaa = 'uenaaa';
delete from zdnbaa where tdwbaa = 'bxlbaa';
delete from zdnbaa where tdwbaa = 'vhwbaa';
delete from zdnbaa where tdwbaa = 'mygbaa';
delete from zdnbaa where tdwbaa = 'jrqaaa';
delete from zdnbaa where tdwbaa = 'fujbaa';
delete from zdnbaa where tdwbaa = 'lxabaa';
delete from zdnbaa where tdwbaa = 'xodbaa';
delete from zdnbaa where tdwbaa = 'rihbaa';
delete from zdnbaa where tdwbaa = 'ebcaaa';
delete from zdnbaa where tdwbaa = 'bjbbaa';
delete from zdnbaa where tdwbaa = 'pewbaa';
delete from zdnbaa where tdwbaa = 'fpubaa';
delete from zdnbaa where tdwbaa = 'tfkaaa';
delete from zdnbaa where tdwbaa = 'pdvbaa';
delete from zdnbaa where tdwbaa = 'mcabaa';
delete from zdnbaa where tdwbaa = 'bdbbaa';
delete from zdnbaa where tdwbaa = 'wggaaa';
delete from zdnbaa where tdwbaa = 'cnxaaa';
delete from zdnbaa where tdwbaa = 'awraaa';
delete from zdnbaa where tdwbaa = 'npmaaa';
delete from zdnbaa where tdwbaa = 'gkuaaa';
delete from zdnbaa where tdwbaa = 'jryaaa';
delete from zdnbaa where tdwbaa = 'jwvaaa';
delete from zdnbaa where tdwbaa = 'hvuaaa';
delete from zdnbaa where tdwbaa = 'hjraaa';
delete from zdnbaa where tdwbaa = 'zorbaa';
delete from zdnbaa where tdwbaa = 'luvbaa';
delete from zdnbaa where tdwbaa = 'aataaa';
delete from zdnbaa where tdwbaa = 'cambaa';
delete from zdnbaa where tdwbaa = 'wqqaaa';
delete from zdnbaa where tdwbaa = 'uywaaa';
delete from zdnbaa where tdwbaa = 'hgcaaa';
delete from zdnbaa where tdwbaa = 'jnaaaa';
delete from zdnbaa where tdwbaa = 'hujbaa';
delete from zdnbaa where tdwbaa = 'xhhbaa';
delete from zdnbaa where tdwbaa = 'naqaaa';
delete from zdnbaa where tdwbaa = 'zaiaaa';
delete from zdnbaa where tdwbaa = 'fxsaaa';
delete from zdnbaa where tdwbaa = 'mrmaaa';
delete from zdnbaa where tdwbaa = 'yiebaa';
delete from zdnbaa where tdwbaa = 'ziubaa';
delete from zdnbaa where tdwbaa = 'nbtaaa';
delete from zdnbaa where tdwbaa = 'uwfaaa';
delete from zdnbaa where tdwbaa = 'sqhbaa';
delete from zdnbaa where tdwbaa = 'kfpaaa';
delete from zdnbaa where tdwbaa = 'ihbaaa';
delete from zdnbaa where tdwbaa = 'xnwaaa';
delete from zdnbaa where tdwbaa = 'aqlaaa';
delete from zdnbaa where tdwbaa = 'gnrbaa';
delete from zdnbaa where tdwbaa = 'woyaaa';
delete from zdnbaa where tdwbaa = 'vkzaaa';
delete from zdnbaa where tdwbaa = 'kthbaa';
delete from zdnbaa where tdwbaa = 'yksbaa';
delete from zdnbaa where tdwbaa = 'neubaa';
delete from zdnbaa where tdwbaa = 'wrnbaa';
delete from zdnbaa where tdwbaa = 'vspaaa';
delete from zdnbaa where tdwbaa = 'xtlaaa';
delete from zdnbaa where tdwbaa = 'kgrbaa';
delete from zdnbaa where tdwbaa = 'fpvbaa';
delete from zdnbaa where tdwbaa = 'mwebaa';
delete from zdnbaa where tdwbaa = 'zjdbaa';
delete from zdnbaa where tdwbaa = 'gxxaaa';
delete from zdnbaa where tdwbaa = 'ardaaa';
delete from zdnbaa where tdwbaa = 'hgoaaa';
delete from zdnbaa where tdwbaa = 'vtiaaa';
delete from zdnbaa where tdwbaa = 'sigbaa';
delete from zdnbaa where tdwbaa = 'agvaaa';
delete from zdnbaa where tdwbaa = 'owbbaa';
delete from zdnbaa where tdwbaa = 'gqbbaa';
delete from zdnbaa where tdwbaa = 'oxeaaa';
delete from zdnbaa where tdwbaa = 'elpbaa';
delete from zdnbaa where tdwbaa = 'ugkaaa';
delete from zdnbaa where tdwbaa = 'sjtbaa';
delete from zdnbaa where tdwbaa = 'kssaaa';
delete from zdnbaa where tdwbaa = 'mxeaaa';
delete from zdnbaa where tdwbaa = 'yhubaa';
delete from zdnbaa where tdwbaa = 'aarbaa';
delete from zdnbaa where tdwbaa = 'hoqaaa';
delete from zdnbaa where tdwbaa = 'rhqaaa';
delete from zdnbaa where tdwbaa = 'myyaaa';
delete from zdnbaa where tdwbaa = 'lhmbaa';
delete from zdnbaa where tdwbaa = 'zmhaaa';
delete from zdnbaa where tdwbaa = 'rmcaaa';
delete from zdnbaa where tdwbaa = 'ncsaaa';
delete from zdnbaa where tdwbaa = 'ziebaa';
delete from zdnbaa where tdwbaa = 'mohaaa';
delete from zdnbaa where tdwbaa = 'xswaaa';
delete from zdnbaa where tdwbaa = 'pvhaaa';
delete from zdnbaa where tdwbaa = 'hrdbaa';
delete from zdnbaa where tdwbaa = 'cbgbaa';
delete from zdnbaa where tdwbaa = 'tbnaaa';
delete from zdnbaa where tdwbaa = 'amiaaa';
delete from zdnbaa where tdwbaa = 'aqoaaa';
delete from zdnbaa where tdwbaa = 'nxaaaa';
delete from zdnbaa where tdwbaa = 'tjlbaa';
delete from zdnbaa where tdwbaa = 'qbqaaa';
delete from zdnbaa where tdwbaa = 'hefaaa';
delete from zdnbaa where tdwbaa = 'cvraaa';
delete from zdnbaa where tdwbaa = 'jzhbaa';
delete from zdnbaa where tdwbaa = 'zvcaaa';
delete from zdnbaa where tdwbaa = 'yhnaaa';
delete from zdnbaa where tdwbaa = 'ghhaaa';
delete from zdnbaa where tdwbaa = 'bcebaa';
delete from zdnbaa where tdwbaa = 'rjlbaa';
delete from zdnbaa where tdwbaa = 'kbdaaa';
delete from zdnbaa where tdwbaa = 'tbkaaa';
delete from zdnbaa where tdwbaa = 'xuibaa';
delete from zdnbaa where tdwbaa = 'sxbaaa';
delete from zdnbaa where tdwbaa = 'sxdaaa';
delete from zdnbaa where tdwbaa = 'qqmbaa';
delete from zdnbaa where tdwbaa = 'udjaaa';
delete from zdnbaa where tdwbaa = 'necaaa';
delete from zdnbaa where tdwbaa = 'ysmaaa';
delete from zdnbaa where tdwbaa = 'lhsaaa';
delete from zdnbaa where tdwbaa = 'yssbaa';
delete from zdnbaa where tdwbaa = 'ustaaa';
delete from zdnbaa where tdwbaa = 'xtvaaa';
delete from zdnbaa where tdwbaa = 'tmyaaa';
delete from zdnbaa where tdwbaa = 'ruibaa';
delete from zdnbaa where tdwbaa = 'lsvbaa';
delete from zdnbaa where tdwbaa = 'rubaaa';
delete from zdnbaa where tdwbaa = 'fkhbaa';
delete from zdnbaa where tdwbaa = 'orjbaa';
delete from zdnbaa where tdwbaa = 'wvjbaa';
delete from zdnbaa where tdwbaa = 'lpgbaa';
delete from zdnbaa where tdwbaa = 'xaabaa';
delete from zdnbaa where tdwbaa = 'snuaaa';
delete from zdnbaa where tdwbaa = 'hrmaaa';
delete from zdnbaa where tdwbaa = 'qxvaaa';
delete from zdnbaa where tdwbaa = 'dpcaaa';
delete from zdnbaa where tdwbaa = 'srdbaa';
delete from zdnbaa where tdwbaa = 'sybaaa';
delete from zdnbaa where tdwbaa = 'ehdbaa';
delete from zdnbaa where tdwbaa = 'fduaaa';
delete from zdnbaa where tdwbaa = 'pbbaaa';
delete from zdnbaa where tdwbaa = 'iheaaa';
delete from zdnbaa where tdwbaa = 'ypfaaa';
delete from zdnbaa where tdwbaa = 'eceaaa';
delete from zdnbaa where tdwbaa = 'frqbaa';
delete from zdnbaa where tdwbaa = 'nlwbaa';
delete from zdnbaa where tdwbaa = 'lmnaaa';
delete from zdnbaa where tdwbaa = 'fpcbaa';
delete from zdnbaa where tdwbaa = 'utqbaa';
delete from zdnbaa where tdwbaa = 'zacaaa';
delete from zdnbaa where tdwbaa = 'nsdbaa';
delete from zdnbaa where tdwbaa = 'efobaa';
delete from zdnbaa where tdwbaa = 'uzjaaa';
delete from zdnbaa where tdwbaa = 'zksaaa';
delete from zdnbaa where tdwbaa = 'fphaaa';
delete from zdnbaa where tdwbaa = 'iglaaa';
delete from zdnbaa where tdwbaa = 'zymbaa';
delete from zdnbaa where tdwbaa = 'cqaaaa';
delete from zdnbaa where tdwbaa = 'ghbbaa';
delete from zdnbaa where tdwbaa = 'zhebaa';
delete from zdnbaa where tdwbaa = 'aghbaa';
delete from zdnbaa where tdwbaa = 'uszaaa';
delete from zdnbaa where tdwbaa = 'plwbaa';
delete from zdnbaa where tdwbaa = 'jjhaaa';
delete from zdnbaa where tdwbaa = 'shuaaa';
delete from zdnbaa where tdwbaa = 'cnnaaa';
delete from zdnbaa where tdwbaa = 'sroaaa';
delete from zdnbaa where tdwbaa = 'vudaaa';
delete from zdnbaa where tdwbaa = 'pzabaa';
delete from zdnbaa where tdwbaa = 'xabaaa';
delete from zdnbaa where tdwbaa = 'wnraaa';
delete from zdnbaa where tdwbaa = 'ztobaa';
delete from zdnbaa where tdwbaa = 'eqkaaa';
delete from zdnbaa where tdwbaa = 'ceibaa';
delete from zdnbaa where tdwbaa = 'lpjaaa';
delete from zdnbaa where tdwbaa = 'dksaaa';
delete from zdnbaa where tdwbaa = 'gspaaa';
delete from zdnbaa where tdwbaa = 'criaaa';
delete from zdnbaa where tdwbaa = 'fxyaaa';
delete from zdnbaa where tdwbaa = 'ccfaaa';
delete from zdnbaa where tdwbaa = 'gkqaaa';
delete from zdnbaa where tdwbaa = 'gzraaa';
delete from zdnbaa where tdwbaa = 'ktsaaa';
delete from zdnbaa where tdwbaa = 'pfpbaa';
delete from zdnbaa where tdwbaa = 'amcaaa';
delete from zdnbaa where tdwbaa = 'ezpaaa';
delete from zdnbaa where tdwbaa = 'zglaaa';
delete from zdnbaa where tdwbaa = 'ccraaa';
delete from zdnbaa where tdwbaa = 'zlgaaa';
delete from zdnbaa where tdwbaa = 'idlaaa';
delete from zdnbaa where tdwbaa = 'mvbbaa';
delete from zdnbaa where tdwbaa = 'qpsaaa';
delete from zdnbaa where tdwbaa = 'aahbaa';
delete from zdnbaa where tdwbaa = 'txmbaa';
delete from zdnbaa where tdwbaa = 'uguaaa';
